<?xml version="1.0" encoding="UTF-8"?>
<!-- Generated by org.testng.reporters.JUnitReportReporter -->
<testsuite skipped="0" hostname="LAPTOP-PE7R4S6N" name="Prometheus.assignment.Wekpedia" tests="3" failures="0" timestamp="10 Nov 2017 16:54:19 GMT" time="15.796" errors="0">
  <testcase name="Test2" time="6.005" classname="Prometheus.assignment.Wekpedia"/>
  <testcase name="Test1" time="6.256" classname="Prometheus.assignment.Wekpedia"/>
  <testcase name="Test3" time="3.535" classname="Prometheus.assignment.Wekpedia"/>
</testsuite> <!-- Prometheus.assignment.Wekpedia -->
