<?xml version="1.0" encoding="UTF-8"?>
<!-- Generated by org.testng.reporters.JUnitReportReporter -->
<testsuite skipped="0" hostname="LAPTOP-PE7R4S6N" name="testNGPackage.Test1" tests="3" failures="0" timestamp="10 Nov 2017 16:27:52 GMT" time="12.008" errors="0">
  <testcase name="loginpage" time="4.247" classname="testNGPackage.Test1"/>
  <testcase name="test3" time="3.646" classname="testNGPackage.Test1"/>
  <testcase name="test2" time="4.115" classname="testNGPackage.Test1"/>
</testsuite> <!-- testNGPackage.Test1 -->
